# JRE version: Java(TM) SE Runtime Environment (23.0.1+11) (build 23.0.1+11-39)
# Java VM: Java HotSpot(TM) 64-Bit Server VM (23.0.1+11-39, mixed mode, emulated-client, sharing, tiered, compressed oops, compressed class ptrs, g1 gc, windows-amd64)
GC Precious Log:
 CardTable entry size: 512
 Card Set container configuration: InlinePtr #cards 4 size 8 Array Of Cards #cards 32 size 80 Howl #buckets 8 coarsen threshold 7372 Howl Bitmap #cards 1024 size 144 coarsen threshold 921 Card regions per heap region 1 cards per card region 8192
 CPUs: 8 total, 8 available
 Memory: 32626M
 Large Page Support: Disabled
 NUMA Support: Disabled
 Compressed Oops: Enabled (Zero based)
 Heap Region Size: 4M
 Heap Min Capacity: 8M
 Heap Initial Capacity: 512M
 Heap Max Capacity: 8160M
 Pre-touch: Disabled
 Parallel Workers: 8
 Concurrent Workers: 2
 Concurrent Refinement Workers: 8
 Periodic GC: Disabled
Heap:
 garbage-first heap   total reserved 8355840K, committed 98304K, used 36332K [0x0000000602000000, 0x0000000800000000)
  region size 4096K, 5 young (20480K), 2 survivors (8192K)
 Metaspace       used 67529K, committed 68160K, reserved 1114112K
  class space    used 9680K, committed 9984K, reserved 1048576K
GC Heap History (20 events):
Event: 70.738 GC heap before
{Heap before GC invocations=18 (full 0):
 garbage-first heap   total reserved 8355840K, committed 110592K, used 71208K [0x0000000602000000, 0x0000000800000000)
  region size 4096K, 14 young (57344K), 2 survivors (8192K)
 Metaspace       used 62290K, committed 62976K, reserved 1114112K
  class space    used 9012K, committed 9280K, reserved 1048576K
}
Event: 70.785 GC heap after
{Heap after GC invocations=19 (full 1):
 garbage-first heap   total reserved 8355840K, committed 98304K, used 22910K [0x0000000602000000, 0x0000000800000000)
  region size 4096K, 0 young (0K), 0 survivors (0K)
 Metaspace       used 62290K, committed 62976K, reserved 1114112K
  class space    used 9012K, committed 9280K, reserved 1048576K
}
Event: 71.440 GC heap before
{Heap before GC invocations=19 (full 1):
 garbage-first heap   total reserved 8355840K, committed 98304K, used 76158K [0x0000000602000000, 0x0000000800000000)
  region size 4096K, 14 young (57344K), 0 survivors (0K)
 Metaspace       used 62581K, committed 63360K, reserved 1114112K
  class space    used 9052K, committed 9344K, reserved 1048576K
}
Event: 71.443 GC heap after
{Heap after GC invocations=20 (full 1):
 garbage-first heap   total reserved 8355840K, committed 98304K, used 27734K [0x0000000602000000, 0x0000000800000000)
  region size 4096K, 2 young (8192K), 2 survivors (8192K)
 Metaspace       used 62581K, committed 63360K, reserved 1114112K
  class space    used 9052K, committed 9344K, reserved 1048576K
}
Event: 88.596 GC heap before
{Heap before GC invocations=20 (full 1):
 garbage-first heap   total reserved 8355840K, committed 98304K, used 68694K [0x0000000602000000, 0x0000000800000000)
  region size 4096K, 13 young (53248K), 2 survivors (8192K)
 Metaspace       used 62821K, committed 63680K, reserved 1114112K
  class space    used 9096K, committed 9472K, reserved 1048576K
}
Event: 88.598 GC heap after
{Heap after GC invocations=21 (full 1):
 garbage-first heap   total reserved 8355840K, committed 98304K, used 27133K [0x0000000602000000, 0x0000000800000000)
  region size 4096K, 1 young (4096K), 1 survivors (4096K)
 Metaspace       used 62821K, committed 63680K, reserved 1114112K
  class space    used 9096K, committed 9472K, reserved 1048576K
}
Event: 99.504 GC heap before
{Heap before GC invocations=21 (full 1):
 garbage-first heap   total reserved 8355840K, committed 98304K, used 51709K [0x0000000602000000, 0x0000000800000000)
  region size 4096K, 9 young (36864K), 1 survivors (4096K)
 Metaspace       used 63002K, committed 63872K, reserved 1114112K
  class space    used 9112K, committed 9472K, reserved 1048576K
}
Event: 99.551 GC heap after
{Heap after GC invocations=22 (full 2):
 garbage-first heap   total reserved 8355840K, committed 98304K, used 22712K [0x0000000602000000, 0x0000000800000000)
  region size 4096K, 0 young (0K), 0 survivors (0K)
 Metaspace       used 62736K, committed 63872K, reserved 1114112K
  class space    used 9037K, committed 9472K, reserved 1048576K
}
Event: 101.158 GC heap before
{Heap before GC invocations=22 (full 2):
 garbage-first heap   total reserved 8355840K, committed 98304K, used 75960K [0x0000000602000000, 0x0000000800000000)
  region size 4096K, 14 young (57344K), 0 survivors (0K)
 Metaspace       used 62924K, committed 63936K, reserved 1114112K
  class space    used 9054K, committed 9472K, reserved 1048576K
}
Event: 101.161 GC heap after
{Heap after GC invocations=23 (full 2):
 garbage-first heap   total reserved 8355840K, committed 98304K, used 27683K [0x0000000602000000, 0x0000000800000000)
  region size 4096K, 2 young (8192K), 2 survivors (8192K)
 Metaspace       used 62924K, committed 63936K, reserved 1114112K
  class space    used 9054K, committed 9472K, reserved 1048576K
}
Event: 149.868 GC heap before
{Heap before GC invocations=23 (full 2):
 garbage-first heap   total reserved 8355840K, committed 98304K, used 68643K [0x0000000602000000, 0x0000000800000000)
  region size 4096K, 13 young (53248K), 2 survivors (8192K)
 Metaspace       used 66714K, committed 67392K, reserved 1114112K
  class space    used 9601K, committed 9856K, reserved 1048576K
}
Event: 149.873 GC heap after
{Heap after GC invocations=24 (full 2):
 garbage-first heap   total reserved 8355840K, committed 98304K, used 28648K [0x0000000602000000, 0x0000000800000000)
  region size 4096K, 1 young (4096K), 1 survivors (4096K)
 Metaspace       used 66714K, committed 67392K, reserved 1114112K
  class space    used 9601K, committed 9856K, reserved 1048576K
}
Event: 254.085 GC heap before
{Heap before GC invocations=24 (full 2):
 garbage-first heap   total reserved 8355840K, committed 98304K, used 36840K [0x0000000602000000, 0x0000000800000000)
  region size 4096K, 4 young (16384K), 1 survivors (4096K)
 Metaspace       used 67185K, committed 67904K, reserved 1114112K
  class space    used 9660K, committed 9984K, reserved 1048576K
}
Event: 254.125 GC heap after
{Heap after GC invocations=25 (full 3):
 garbage-first heap   total reserved 8355840K, committed 98304K, used 23954K [0x0000000602000000, 0x0000000800000000)
  region size 4096K, 0 young (0K), 0 survivors (0K)
 Metaspace       used 67151K, committed 67904K, reserved 1114112K
  class space    used 9650K, committed 9984K, reserved 1048576K
}
Event: 255.052 GC heap before
{Heap before GC invocations=25 (full 3):
 garbage-first heap   total reserved 8355840K, committed 98304K, used 81298K [0x0000000602000000, 0x0000000800000000)
  region size 4096K, 14 young (57344K), 0 survivors (0K)
 Metaspace       used 67352K, committed 68032K, reserved 1114112K
  class space    used 9669K, committed 9984K, reserved 1048576K
}
Event: 255.055 GC heap after
{Heap after GC invocations=26 (full 3):
 garbage-first heap   total reserved 8355840K, committed 98304K, used 28782K [0x0000000602000000, 0x0000000800000000)
  region size 4096K, 2 young (8192K), 2 survivors (8192K)
 Metaspace       used 67352K, committed 68032K, reserved 1114112K
  class space    used 9669K, committed 9984K, reserved 1048576K
}
Event: 256.549 GC heap before
{Heap before GC invocations=26 (full 3):
 garbage-first heap   total reserved 8355840K, committed 98304K, used 36974K [0x0000000602000000, 0x0000000800000000)
  region size 4096K, 5 young (20480K), 2 survivors (8192K)
 Metaspace       used 67356K, committed 68032K, reserved 1114112K
  class space    used 9670K, committed 9984K, reserved 1048576K
}
Event: 256.588 GC heap after
{Heap after GC invocations=27 (full 4):
 garbage-first heap   total reserved 8355840K, committed 98304K, used 23279K [0x0000000602000000, 0x0000000800000000)
  region size 4096K, 0 young (0K), 0 survivors (0K)
 Metaspace       used 67315K, committed 68032K, reserved 1114112K
  class space    used 9658K, committed 9984K, reserved 1048576K
}
Event: 257.185 GC heap before
{Heap before GC invocations=27 (full 4):
 garbage-first heap   total reserved 8355840K, committed 98304K, used 76527K [0x0000000602000000, 0x0000000800000000)
  region size 4096K, 14 young (57344K), 0 survivors (0K)
 Metaspace       used 67515K, committed 68160K, reserved 1114112K
  class space    used 9679K, committed 9984K, reserved 1048576K
}
Event: 257.188 GC heap after
{Heap after GC invocations=28 (full 4):
 garbage-first heap   total reserved 8355840K, committed 98304K, used 28140K [0x0000000602000000, 0x0000000800000000)
  region size 4096K, 2 young (8192K), 2 survivors (8192K)
 Metaspace       used 67515K, committed 68160K, reserved 1114112K
  class space    used 9679K, committed 9984K, reserved 1048576K
}

