# JRE version: Java(TM) SE Runtime Environment (23.0.1+11) (build 23.0.1+11-39)
# Java VM: Java HotSpot(TM) 64-Bit Server VM (23.0.1+11-39, mixed mode, emulated-client, sharing, tiered, compressed oops, compressed class ptrs, g1 gc, windows-amd64)
GC Precious Log:
 CardTable entry size: 512
 Card Set container configuration: InlinePtr #cards 4 size 8 Array Of Cards #cards 32 size 80 Howl #buckets 8 coarsen threshold 7372 Howl Bitmap #cards 1024 size 144 coarsen threshold 921 Card regions per heap region 1 cards per card region 8192
 CPUs: 8 total, 8 available
 Memory: 32626M
 Large Page Support: Disabled
 NUMA Support: Disabled
 Compressed Oops: Enabled (Zero based)
 Heap Region Size: 4M
 Heap Min Capacity: 8M
 Heap Initial Capacity: 512M
 Heap Max Capacity: 8160M
 Pre-touch: Disabled
 Parallel Workers: 8
 Concurrent Workers: 2
 Concurrent Refinement Workers: 8
 Periodic GC: Disabled
Heap:
 garbage-first heap   total reserved 8355840K, committed 98304K, used 59928K [0x0000000602000000, 0x0000000800000000)
  region size 4096K, 11 young (45056K), 0 survivors (0K)
 Metaspace       used 62377K, committed 63040K, reserved 1114112K
  class space    used 9026K, committed 9344K, reserved 1048576K
GC Heap History (20 events):
Event: 2.027 GC heap before
{Heap before GC invocations=7 (full 0):
 garbage-first heap   total reserved 8355840K, committed 57344K, used 38703K [0x0000000602000000, 0x0000000800000000)
  region size 4096K, 7 young (28672K), 1 survivors (4096K)
 Metaspace       used 25604K, committed 25984K, reserved 1114112K
  class space    used 3418K, committed 3584K, reserved 1048576K
}
Event: 2.030 GC heap after
{Heap after GC invocations=8 (full 0):
 garbage-first heap   total reserved 8355840K, committed 57344K, used 14766K [0x0000000602000000, 0x0000000800000000)
  region size 4096K, 1 young (4096K), 1 survivors (4096K)
 Metaspace       used 25604K, committed 25984K, reserved 1114112K
  class space    used 3418K, committed 3584K, reserved 1048576K
}
Event: 2.243 GC heap before
{Heap before GC invocations=8 (full 0):
 garbage-first heap   total reserved 8355840K, committed 57344K, used 39342K [0x0000000602000000, 0x0000000800000000)
  region size 4096K, 7 young (28672K), 1 survivors (4096K)
 Metaspace       used 27334K, committed 27712K, reserved 1114112K
  class space    used 3698K, committed 3840K, reserved 1048576K
}
Event: 2.246 GC heap after
{Heap after GC invocations=9 (full 0):
 garbage-first heap   total reserved 8355840K, committed 290816K, used 15964K [0x0000000602000000, 0x0000000800000000)
  region size 4096K, 1 young (4096K), 1 survivors (4096K)
 Metaspace       used 27334K, committed 27712K, reserved 1114112K
  class space    used 3698K, committed 3840K, reserved 1048576K
}
Event: 2.962 GC heap before
{Heap before GC invocations=9 (full 0):
 garbage-first heap   total reserved 8355840K, committed 290816K, used 106076K [0x0000000602000000, 0x0000000800000000)
  region size 4096K, 25 young (102400K), 1 survivors (4096K)
 Metaspace       used 35598K, committed 36160K, reserved 1114112K
  class space    used 4929K, committed 5184K, reserved 1048576K
}
Event: 2.968 GC heap after
{Heap after GC invocations=10 (full 0):
 garbage-first heap   total reserved 8355840K, committed 290816K, used 19600K [0x0000000602000000, 0x0000000800000000)
  region size 4096K, 2 young (8192K), 2 survivors (8192K)
 Metaspace       used 35598K, committed 36160K, reserved 1114112K
  class space    used 4929K, committed 5184K, reserved 1048576K
}
Event: 3.243 GC heap before
{Heap before GC invocations=11 (full 0):
 garbage-first heap   total reserved 8355840K, committed 81920K, used 60560K [0x0000000602000000, 0x0000000800000000)
  region size 4096K, 12 young (49152K), 2 survivors (8192K)
 Metaspace       used 39080K, committed 39616K, reserved 1114112K
  class space    used 5544K, committed 5760K, reserved 1048576K
}
Event: 3.248 GC heap after
{Heap after GC invocations=12 (full 0):
 garbage-first heap   total reserved 8355840K, committed 81920K, used 20656K [0x0000000602000000, 0x0000000800000000)
  region size 4096K, 2 young (8192K), 2 survivors (8192K)
 Metaspace       used 39080K, committed 39616K, reserved 1114112K
  class space    used 5544K, committed 5760K, reserved 1048576K
}
Event: 3.525 GC heap before
{Heap before GC invocations=12 (full 0):
 garbage-first heap   total reserved 8355840K, committed 81920K, used 61616K [0x0000000602000000, 0x0000000800000000)
  region size 4096K, 12 young (49152K), 2 survivors (8192K)
 Metaspace       used 43545K, committed 44160K, reserved 1114112K
  class space    used 6103K, committed 6400K, reserved 1048576K
}
Event: 3.529 GC heap after
{Heap after GC invocations=13 (full 0):
 garbage-first heap   total reserved 8355840K, committed 81920K, used 21200K [0x0000000602000000, 0x0000000800000000)
  region size 4096K, 1 young (4096K), 1 survivors (4096K)
 Metaspace       used 43545K, committed 44160K, reserved 1114112K
  class space    used 6103K, committed 6400K, reserved 1048576K
}
Event: 3.823 GC heap before
{Heap before GC invocations=13 (full 0):
 garbage-first heap   total reserved 8355840K, committed 81920K, used 66256K [0x0000000602000000, 0x0000000800000000)
  region size 4096K, 12 young (49152K), 1 survivors (4096K)
 Metaspace       used 47714K, committed 48320K, reserved 1114112K
  class space    used 6677K, committed 6912K, reserved 1048576K
}
Event: 3.826 GC heap after
{Heap after GC invocations=14 (full 0):
 garbage-first heap   total reserved 8355840K, committed 81920K, used 22416K [0x0000000602000000, 0x0000000800000000)
  region size 4096K, 1 young (4096K), 1 survivors (4096K)
 Metaspace       used 47714K, committed 48320K, reserved 1114112K
  class space    used 6677K, committed 6912K, reserved 1048576K
}
Event: 4.188 GC heap before
{Heap before GC invocations=14 (full 0):
 garbage-first heap   total reserved 8355840K, committed 81920K, used 67472K [0x0000000602000000, 0x0000000800000000)
  region size 4096K, 12 young (49152K), 1 survivors (4096K)
 Metaspace       used 52914K, committed 53504K, reserved 1114112K
  class space    used 7546K, committed 7808K, reserved 1048576K
}
Event: 4.190 GC heap after
{Heap after GC invocations=15 (full 0):
 garbage-first heap   total reserved 8355840K, committed 81920K, used 23162K [0x0000000602000000, 0x0000000800000000)
  region size 4096K, 1 young (4096K), 1 survivors (4096K)
 Metaspace       used 52914K, committed 53504K, reserved 1114112K
  class space    used 7546K, committed 7808K, reserved 1048576K
}
Event: 4.548 GC heap before
{Heap before GC invocations=15 (full 0):
 garbage-first heap   total reserved 8355840K, committed 81920K, used 68218K [0x0000000602000000, 0x0000000800000000)
  region size 4096K, 12 young (49152K), 1 survivors (4096K)
 Metaspace       used 57052K, committed 57728K, reserved 1114112K
  class space    used 8155K, committed 8448K, reserved 1048576K
}
Event: 4.552 GC heap after
{Heap after GC invocations=16 (full 0):
 garbage-first heap   total reserved 8355840K, committed 81920K, used 24564K [0x0000000602000000, 0x0000000800000000)
  region size 4096K, 2 young (8192K), 2 survivors (8192K)
 Metaspace       used 57052K, committed 57728K, reserved 1114112K
  class space    used 8155K, committed 8448K, reserved 1048576K
}
Event: 4.791 GC heap before
{Heap before GC invocations=16 (full 0):
 garbage-first heap   total reserved 8355840K, committed 81920K, used 53236K [0x0000000602000000, 0x0000000800000000)
  region size 4096K, 10 young (40960K), 2 survivors (8192K)
 Metaspace       used 59878K, committed 60480K, reserved 1114112K
  class space    used 8574K, committed 8832K, reserved 1048576K
}
Event: 4.796 GC heap after
{Heap after GC invocations=17 (full 0):
 garbage-first heap   total reserved 8355840K, committed 303104K, used 25724K [0x0000000602000000, 0x0000000800000000)
  region size 4096K, 2 young (8192K), 2 survivors (8192K)
 Metaspace       used 59878K, committed 60480K, reserved 1114112K
  class space    used 8574K, committed 8832K, reserved 1048576K
}
Event: 270.936 GC heap before
{Heap before GC invocations=18 (full 0):
 garbage-first heap   total reserved 8355840K, committed 110592K, used 74876K [0x0000000602000000, 0x0000000800000000)
  region size 4096K, 15 young (61440K), 2 survivors (8192K)
 Metaspace       used 62293K, committed 62976K, reserved 1114112K
  class space    used 9010K, committed 9280K, reserved 1048576K
}
Event: 270.995 GC heap after
{Heap after GC invocations=19 (full 1):
 garbage-first heap   total reserved 8355840K, committed 98304K, used 23064K [0x0000000602000000, 0x0000000800000000)
  region size 4096K, 0 young (0K), 0 survivors (0K)
 Metaspace       used 62293K, committed 62976K, reserved 1114112K
  class space    used 9010K, committed 9280K, reserved 1048576K
}

