# JRE version: Java(TM) SE Runtime Environment (23.0.1+11) (build 23.0.1+11-39)
# Java VM: Java HotSpot(TM) 64-Bit Server VM (23.0.1+11-39, mixed mode, emulated-client, sharing, tiered, compressed oops, compressed class ptrs, g1 gc, windows-amd64)
GC Precious Log:
 CardTable entry size: 512
 Card Set container configuration: InlinePtr #cards 4 size 8 Array Of Cards #cards 32 size 80 Howl #buckets 8 coarsen threshold 7372 Howl Bitmap #cards 1024 size 144 coarsen threshold 921 Card regions per heap region 1 cards per card region 8192
 CPUs: 8 total, 8 available
 Memory: 32626M
 Large Page Support: Disabled
 NUMA Support: Disabled
 Compressed Oops: Enabled (Zero based)
 Heap Region Size: 4M
 Heap Min Capacity: 8M
 Heap Initial Capacity: 512M
 Heap Max Capacity: 8160M
 Pre-touch: Disabled
 Parallel Workers: 8
 Concurrent Workers: 2
 Concurrent Refinement Workers: 8
 Periodic GC: Disabled
Heap:
 garbage-first heap   total reserved 8355840K, committed 81920K, used 30350K [0x0000000602000000, 0x0000000800000000)
  region size 4096K, 4 young (16384K), 2 survivors (8192K)
 Metaspace       used 68322K, committed 69120K, reserved 1114112K
  class space    used 9752K, committed 10112K, reserved 1048576K
GC Heap History (20 events):
Event: 763.196 GC heap before
{Heap before GC invocations=55 (full 8):
 garbage-first heap   total reserved 8355840K, committed 81920K, used 61969K [0x0000000602000000, 0x0000000800000000)
  region size 4096K, 10 young (40960K), 2 survivors (8192K)
 Metaspace       used 67862K, committed 68544K, reserved 1114112K
  class space    used 9675K, committed 9984K, reserved 1048576K
}
Event: 763.200 GC heap after
{Heap after GC invocations=56 (full 8):
 garbage-first heap   total reserved 8355840K, committed 81920K, used 29869K [0x0000000602000000, 0x0000000800000000)
  region size 4096K, 1 young (4096K), 1 survivors (4096K)
 Metaspace       used 67862K, committed 68544K, reserved 1114112K
  class space    used 9675K, committed 9984K, reserved 1048576K
}
Event: 797.733 GC heap before
{Heap before GC invocations=56 (full 8):
 garbage-first heap   total reserved 8355840K, committed 81920K, used 66733K [0x0000000602000000, 0x0000000800000000)
  region size 4096K, 10 young (40960K), 1 survivors (4096K)
 Metaspace       used 67862K, committed 68544K, reserved 1114112K
  class space    used 9675K, committed 9984K, reserved 1048576K
}
Event: 797.735 GC heap after
{Heap after GC invocations=57 (full 8):
 garbage-first heap   total reserved 8355840K, committed 81920K, used 29345K [0x0000000602000000, 0x0000000800000000)
  region size 4096K, 1 young (4096K), 1 survivors (4096K)
 Metaspace       used 67862K, committed 68544K, reserved 1114112K
  class space    used 9675K, committed 9984K, reserved 1048576K
}
Event: 820.004 GC heap before
{Heap before GC invocations=57 (full 8):
 garbage-first heap   total reserved 8355840K, committed 81920K, used 53921K [0x0000000602000000, 0x0000000800000000)
  region size 4096K, 8 young (32768K), 1 survivors (4096K)
 Metaspace       used 67865K, committed 68544K, reserved 1114112K
  class space    used 9675K, committed 9984K, reserved 1048576K
}
Event: 820.056 GC heap after
{Heap after GC invocations=58 (full 9):
 garbage-first heap   total reserved 8355840K, committed 81920K, used 21614K [0x0000000602000000, 0x0000000800000000)
  region size 4096K, 0 young (0K), 0 survivors (0K)
 Metaspace       used 67831K, committed 68544K, reserved 1114112K
  class space    used 9666K, committed 9984K, reserved 1048576K
}
Event: 820.690 GC heap before
{Heap before GC invocations=58 (full 9):
 garbage-first heap   total reserved 8355840K, committed 81920K, used 66670K [0x0000000602000000, 0x0000000800000000)
  region size 4096K, 12 young (49152K), 0 survivors (0K)
 Metaspace       used 68030K, committed 68736K, reserved 1114112K
  class space    used 9715K, committed 9984K, reserved 1048576K
}
Event: 820.694 GC heap after
{Heap after GC invocations=59 (full 9):
 garbage-first heap   total reserved 8355840K, committed 81920K, used 27052K [0x0000000602000000, 0x0000000800000000)
  region size 4096K, 2 young (8192K), 2 survivors (8192K)
 Metaspace       used 68030K, committed 68736K, reserved 1114112K
  class space    used 9715K, committed 9984K, reserved 1048576K
}
Event: 832.686 GC heap before
{Heap before GC invocations=59 (full 9):
 garbage-first heap   total reserved 8355840K, committed 81920K, used 63916K [0x0000000602000000, 0x0000000800000000)
  region size 4096K, 11 young (45056K), 2 survivors (8192K)
 Metaspace       used 68267K, committed 68992K, reserved 1114112K
  class space    used 9742K, committed 10048K, reserved 1048576K
}
Event: 832.691 GC heap after
{Heap after GC invocations=60 (full 9):
 garbage-first heap   total reserved 8355840K, committed 81920K, used 29911K [0x0000000602000000, 0x0000000800000000)
  region size 4096K, 2 young (8192K), 2 survivors (8192K)
 Metaspace       used 68267K, committed 68992K, reserved 1114112K
  class space    used 9742K, committed 10048K, reserved 1048576K
}
Event: 863.887 GC heap before
{Heap before GC invocations=60 (full 9):
 garbage-first heap   total reserved 8355840K, committed 81920K, used 62679K [0x0000000602000000, 0x0000000800000000)
  region size 4096K, 10 young (40960K), 2 survivors (8192K)
 Metaspace       used 68267K, committed 68992K, reserved 1114112K
  class space    used 9742K, committed 10048K, reserved 1048576K
}
Event: 863.890 GC heap after
{Heap after GC invocations=61 (full 9):
 garbage-first heap   total reserved 8355840K, committed 81920K, used 29806K [0x0000000602000000, 0x0000000800000000)
  region size 4096K, 1 young (4096K), 1 survivors (4096K)
 Metaspace       used 68267K, committed 68992K, reserved 1114112K
  class space    used 9742K, committed 10048K, reserved 1048576K
}
Event: 902.242 GC heap before
{Heap before GC invocations=61 (full 9):
 garbage-first heap   total reserved 8355840K, committed 81920K, used 70766K [0x0000000602000000, 0x0000000800000000)
  region size 4096K, 11 young (45056K), 1 survivors (4096K)
 Metaspace       used 68267K, committed 68992K, reserved 1114112K
  class space    used 9742K, committed 10048K, reserved 1048576K
}
Event: 902.246 GC heap after
{Heap after GC invocations=62 (full 9):
 garbage-first heap   total reserved 8355840K, committed 81920K, used 30097K [0x0000000602000000, 0x0000000800000000)
  region size 4096K, 2 young (8192K), 2 survivors (8192K)
 Metaspace       used 68267K, committed 68992K, reserved 1114112K
  class space    used 9742K, committed 10048K, reserved 1048576K
}
Event: 932.895 GC heap before
{Heap before GC invocations=62 (full 9):
 garbage-first heap   total reserved 8355840K, committed 81920K, used 62865K [0x0000000602000000, 0x0000000800000000)
  region size 4096K, 10 young (40960K), 2 survivors (8192K)
 Metaspace       used 68267K, committed 68992K, reserved 1114112K
  class space    used 9742K, committed 10048K, reserved 1048576K
}
Event: 932.899 GC heap after
{Heap after GC invocations=63 (full 9):
 garbage-first heap   total reserved 8355840K, committed 81920K, used 29164K [0x0000000602000000, 0x0000000800000000)
  region size 4096K, 1 young (4096K), 1 survivors (4096K)
 Metaspace       used 68267K, committed 68992K, reserved 1114112K
  class space    used 9742K, committed 10048K, reserved 1048576K
}
Event: 964.045 GC heap before
{Heap before GC invocations=63 (full 9):
 garbage-first heap   total reserved 8355840K, committed 81920K, used 61932K [0x0000000602000000, 0x0000000800000000)
  region size 4096K, 10 young (40960K), 1 survivors (4096K)
 Metaspace       used 68286K, committed 69056K, reserved 1114112K
  class space    used 9749K, committed 10112K, reserved 1048576K
}
Event: 964.103 GC heap after
{Heap after GC invocations=64 (full 10):
 garbage-first heap   total reserved 8355840K, committed 81920K, used 21237K [0x0000000602000000, 0x0000000800000000)
  region size 4096K, 0 young (0K), 0 survivors (0K)
 Metaspace       used 68116K, committed 69056K, reserved 1114112K
  class space    used 9702K, committed 10112K, reserved 1048576K
}
Event: 965.339 GC heap before
{Heap before GC invocations=64 (full 10):
 garbage-first heap   total reserved 8355840K, committed 81920K, used 62197K [0x0000000602000000, 0x0000000800000000)
  region size 4096K, 11 young (45056K), 0 survivors (0K)
 Metaspace       used 68276K, committed 69056K, reserved 1114112K
  class space    used 9743K, committed 10112K, reserved 1048576K
}
Event: 965.343 GC heap after
{Heap after GC invocations=65 (full 10):
 garbage-first heap   total reserved 8355840K, committed 81920K, used 26254K [0x0000000602000000, 0x0000000800000000)
  region size 4096K, 2 young (8192K), 2 survivors (8192K)
 Metaspace       used 68276K, committed 69056K, reserved 1114112K
  class space    used 9743K, committed 10112K, reserved 1048576K
}

